0 info it worked if it ends with ok
1 verbose cli [ 'C:\\Program Files\\nodejs\\node.exe',
1 verbose cli   'C:\\Program Files\\nodejs\\node_modules\\npm\\bin\\npm-cli.js',
1 verbose cli   'publish' ]
2 info using npm@3.10.10
3 info using node@v6.9.4
4 verbose publish [ '.' ]
5 silly cache add args [ '.', null ]
6 verbose cache add spec .
7 silly cache add parsed spec Result {
7 silly cache add   raw: '.',
7 silly cache add   scope: null,
7 silly cache add   escapedName: null,
7 silly cache add   name: null,
7 silly cache add   rawSpec: '.',
7 silly cache add   spec: 'C:\\Users\\hhfra\\Documents\\NetBeansProjects\\csstree',
7 silly cache add   type: 'directory' }
8 verbose addLocalDirectory C:\Users\hhfra\AppData\Roaming\npm-cache\bootstrap-csstree\1.0.1\package.tgz not in flight; packing
9 verbose correctMkdir C:\Users\hhfra\AppData\Roaming\npm-cache correctMkdir not in flight; initializing
10 info lifecycle bootstrap-csstree@1.0.1~prepublish: bootstrap-csstree@1.0.1
11 silly lifecycle bootstrap-csstree@1.0.1~prepublish: no script for prepublish, continuing
12 verbose tar pack [ 'C:\\Users\\hhfra\\AppData\\Roaming\\npm-cache\\bootstrap-csstree\\1.0.1\\package.tgz',
12 verbose tar pack   'C:\\Users\\hhfra\\Documents\\NetBeansProjects\\csstree' ]
13 verbose tarball C:\Users\hhfra\AppData\Roaming\npm-cache\bootstrap-csstree\1.0.1\package.tgz
14 verbose folder C:\Users\hhfra\Documents\NetBeansProjects\csstree
15 verbose addLocalTarball adding from inside cache C:\Users\hhfra\AppData\Roaming\npm-cache\bootstrap-csstree\1.0.1\package.tgz
16 verbose correctMkdir C:\Users\hhfra\AppData\Roaming\npm-cache correctMkdir not in flight; initializing
17 silly cache afterAdd bootstrap-csstree@1.0.1
18 verbose afterAdd C:\Users\hhfra\AppData\Roaming\npm-cache\bootstrap-csstree\1.0.1\package\package.json not in flight; writing
19 verbose correctMkdir C:\Users\hhfra\AppData\Roaming\npm-cache correctMkdir not in flight; initializing
20 verbose afterAdd C:\Users\hhfra\AppData\Roaming\npm-cache\bootstrap-csstree\1.0.1\package\package.json written
21 silly publish { name: 'bootstrap-csstree',
21 silly publish   version: '1.0.1',
21 silly publish   author: { name: 'Achache françois' },
21 silly publish   license: 'ISC',
21 silly publish   main: 'dist/tree.css',
21 silly publish   keywords: [ 'css', 'tree', 'bootstrap' ],
21 silly publish   repository: { type: 'git', url: 'fdf' },
21 silly publish   dependencies: { angular: '^1.6.3', bootstrap: '^3.3.7', jquery: '^3.2.1' },
21 silly publish   devDependencies:
21 silly publish    { del: '~1.2.0',
21 silly publish      gulp: '^3.9.1',
21 silly publish      'gulp-concat': '^2.6.1',
21 silly publish      'gulp-cssnano': '^2.1.2',
21 silly publish      'gulp-less': '^3.3.0',
21 silly publish      'gulp-postcss': '^6.3.0',
21 silly publish      less: '^2.7.2',
21 silly publish      path: '^0.12.7',
21 silly publish      'postcss-merge-selectors': '0.0.6' },
21 silly publish   readme: '# README #\n\nCSS Tree\nA full bootstrap and angular css implementation for tree data representation.\n\n### How do I get set up? ###\n\n* Summary of set up\nAdd only tree.css to your project\n\n* Configuration\n\n```html\n<div class="tree">\n\t<span ng-repeat="folder in ctrl.folders track by $index" ng-include="\'tree-template.html\'"></span>\n</div>\n```\n* tree-template.html\n```html\n<span>\n\t<div ng-class="{\'active\':ctrl.selectedFolderIds.includes(folder.id) || folder.active, \n\t\t\t\t\t\t\t\'tree-item-info\':folder.info, \n\t\t\t\t\t\t\t\'tree-item-success\':folder.success, \n\t\t\t\t\t\t\t\'tree-item-warning\':folder.warning, \n\t\t\t\t\t\t\t\'tree-item-danger\':folder.danger, \n\t\t\t\t\t\t\t\'disabled\':folder.disabled}" \n\t\t\tclass="tree-item"> \n\t\t<span ng-click="ctrl.handlerSelectFolder($event, folder)">\n\t\t\t<a href data-toggle="collapse" data-target="#folder{{folder.id}}">\n\t\t\t\t<i open notselect ng-class="{\'invisible\':!folder.folders || !folder.folders.length}" class="glyphicon glyphicon-minus"></i>\n\t\t\t\t<i open notselect class="glyphicon glyphicon-folder-open"></i>\n\t\t\t\t<i close notselect class="glyphicon glyphicon-plus"></i>\n\t\t\t\t<i close notselect class="glyphicon glyphicon-folder-close"></i>\n\t\t\t</a>\n\t\t\t<span class="badge" ng-bind="0"></span>\n\t\t\t{{folder.label}} {{folder.id}}\n \t\t</span>\n\t</div>\n\t<div ng-if="folder.folders && folder.folders.length" class="tree-children collapse in" id="folder{{folder.id}}">\n\t\t<span ng-repeat="folder in folder.folders track by $index" ng-include="\'tree-template.html\'"></span>\n\t</div>\n</span>\n```\n```js\nvar ctrl = this;\nctrl.folders = [];\nctrl.handlerSelectFolder = handlerSelectFolder;\nctrl.selectedFolderIds = [];\n\n/**\n * folder selection \n * @param {type} event\n * @param {type} folder\n */\nfunction handlerSelectFolder(event, folder) {\n\tif(!event.target.hasAttribute("notselect") && !folder.disabled) {\n\t\tif(!event.ctrlKey) {\n\t\t\tctrl.selectedFolderIds = [folder.id];\n\t\t} else {\n\t\t\tvar idx = ctrl.selectedFolderIds.indexOf(folder.id);\n\t\t\tif(idx !== -1) {\n\t\t\t\tctrl.selectedFolderIds.splice(idx, 1);\n\t\t\t} else {\n\t\t\t\tctrl.selectedFolderIds.push(folder.id);\n\t\t\t}\n\t\t}\n\t}\n}\n```',
21 silly publish   readmeFilename: 'README.md',
21 silly publish   gitHead: 'a20d51e69f87a8d4908d2756973a748a9150dbe4',
21 silly publish   description: 'CSS Tree A full bootstrap and angular css implementation for tree data representation.',
21 silly publish   _id: 'bootstrap-csstree@1.0.1',
21 silly publish   scripts: {},
21 silly publish   _shasum: 'dd11a2efc28045a0abf5303b6ab31f67567d5379',
21 silly publish   _from: '.' }
22 verbose getPublishConfig undefined
23 silly mapToRegistry name bootstrap-csstree
24 silly mapToRegistry using default registry
25 silly mapToRegistry registry https://registry.npmjs.org/
26 silly mapToRegistry data Result {
26 silly mapToRegistry   raw: 'bootstrap-csstree',
26 silly mapToRegistry   scope: null,
26 silly mapToRegistry   escapedName: 'bootstrap-csstree',
26 silly mapToRegistry   name: 'bootstrap-csstree',
26 silly mapToRegistry   rawSpec: '',
26 silly mapToRegistry   spec: 'latest',
26 silly mapToRegistry   type: 'tag' }
27 silly mapToRegistry uri https://registry.npmjs.org/bootstrap-csstree
28 verbose publish registryBase https://registry.npmjs.org/
29 silly publish uploading C:\Users\hhfra\AppData\Roaming\npm-cache\bootstrap-csstree\1.0.1\package.tgz
30 verbose request uri https://registry.npmjs.org/bootstrap-csstree
31 verbose request sending authorization for write operation
32 info attempt registry request try #1 at 17:27:51
33 verbose request using bearer token for auth
34 verbose request id 2d006d3941b57042
35 http request PUT https://registry.npmjs.org/bootstrap-csstree
36 http 403 https://registry.npmjs.org/bootstrap-csstree
37 verbose headers { 'content-type': 'application/json',
37 verbose headers   'cache-control': 'max-age=300',
37 verbose headers   'content-length': '95',
37 verbose headers   'accept-ranges': 'bytes',
37 verbose headers   date: 'Sat, 25 Mar 2017 16:27:53 GMT',
37 verbose headers   via: '1.1 varnish',
37 verbose headers   connection: 'keep-alive',
37 verbose headers   'x-served-by': 'cache-ams4451-AMS',
37 verbose headers   'x-cache': 'MISS',
37 verbose headers   'x-cache-hits': '0',
37 verbose headers   'x-timer': 'S1490459272.758819,VS0,VE889',
37 verbose headers   vary: 'Accept-Encoding' }
38 verbose request invalidating C:\Users\hhfra\AppData\Roaming\npm-cache\registry.npmjs.org\bootstrap-csstree on PUT
39 error publish Failed PUT 403
40 verbose stack Error: "You cannot publish over the previously published version 1.0.1." : bootstrap-csstree
40 verbose stack     at makeError (C:\Program Files\nodejs\node_modules\npm\node_modules\npm-registry-client\lib\request.js:302:12)
40 verbose stack     at CachingRegistryClient.<anonymous> (C:\Program Files\nodejs\node_modules\npm\node_modules\npm-registry-client\lib\request.js:290:14)
40 verbose stack     at Request._callback (C:\Program Files\nodejs\node_modules\npm\node_modules\npm-registry-client\lib\request.js:210:14)
40 verbose stack     at Request.self.callback (C:\Program Files\nodejs\node_modules\npm\node_modules\request\request.js:187:22)
40 verbose stack     at emitTwo (events.js:106:13)
40 verbose stack     at Request.emit (events.js:191:7)
40 verbose stack     at Request.<anonymous> (C:\Program Files\nodejs\node_modules\npm\node_modules\request\request.js:1048:10)
40 verbose stack     at emitOne (events.js:96:13)
40 verbose stack     at Request.emit (events.js:188:7)
40 verbose stack     at IncomingMessage.<anonymous> (C:\Program Files\nodejs\node_modules\npm\node_modules\request\request.js:969:12)
41 verbose statusCode 403
42 verbose pkgid bootstrap-csstree
43 verbose cwd C:\Users\hhfra\Documents\NetBeansProjects\csstree
44 error Windows_NT 10.0.14393
45 error argv "C:\\Program Files\\nodejs\\node.exe" "C:\\Program Files\\nodejs\\node_modules\\npm\\bin\\npm-cli.js" "publish"
46 error node v6.9.4
47 error npm  v3.10.10
48 error code E403
49 error "You cannot publish over the previously published version 1.0.1." : bootstrap-csstree
50 error If you need help, you may report this error at:
50 error     <https://github.com/npm/npm/issues>
51 verbose exit [ 1, true ]
